[squish] v0.2.5
node:events:496
      throw er; // Unhandled 'error' event
      ^

Error: listen EADDRINUSE: address already in use :::37777
    at Server.setupListenHandle [as _listen2] (node:net:1940:16)
    at listenInCluster (node:net:1997:12)
    at Server.listen (node:net:2102:7)
    at Function.listen (C:\Users\michi\Desktop\squish\node_modules\express\lib\application.js:635:24)
    at startWebServer (file:///C:/Users/michi/Desktop/squish/dist/features/web/web.js:479:9)
    at Squish.run (file:///C:/Users/michi/Desktop/squish/dist/index.js:581:9)
Emitted 'error' event on Server instance at:
    at emitErrorNT (node:net:1976:8)
    at process.processTicksAndRejections (node:internal/process/task_queues:90:21) {
  code: 'EADDRINUSE',
  errno: -4091,
  syscall: 'listen',
  address: '::',
  port: 37777
}

Node.js v22.17.0
